Using pre-set license
Built from '2021.3/staging' branch; Version is '2021.3.10f1 (1c7d0df0160b) revision 1867021'; Using compiler version '192829333'; Build Type 'Release'
OS: 'Windows 10  (10.0.18363) 64bit Professional' Language: 'en' Physical Memory: 8112 MB
BatchMode: 1, IsHumanControllingUs: 0, StartBugReporterOnCrash: 0, Is64bit: 1, IsPro: 1

COMMAND LINE ARGUMENTS:
C:\Program Files\Unity\Hub\Editor\2021.3.10f1\Editor\Unity.exe
-adb2
-batchMode
-noUpm
-name
AssetImportWorker1
-projectPath
C:/Users/Mário Rodrigues/OneDrive/Documents/GitHub/jogo1/Game
-logFile
Logs/AssetImportWorker1.log
-srvPort
57567
Successfully changed project path to: C:/Users/Mário Rodrigues/OneDrive/Documents/GitHub/jogo1/Game
C:/Users/Mário Rodrigues/OneDrive/Documents/GitHub/jogo1/Game
[UnityMemory] Configuration Parameters - Can be set up in boot.config
    "memorysetup-bucket-allocator-granularity=16"
    "memorysetup-bucket-allocator-bucket-count=8"
    "memorysetup-bucket-allocator-block-size=33554432"
    "memorysetup-bucket-allocator-block-count=8"
    "memorysetup-main-allocator-block-size=16777216"
    "memorysetup-thread-allocator-block-size=16777216"
    "memorysetup-gfx-main-allocator-block-size=16777216"
    "memorysetup-gfx-thread-allocator-block-size=16777216"
    "memorysetup-cache-allocator-block-size=4194304"
    "memorysetup-typetree-allocator-block-size=2097152"
    "memorysetup-profiler-bucket-allocator-granularity=16"
    "memorysetup-profiler-bucket-allocator-bucket-count=8"
    "memorysetup-profiler-bucket-allocator-block-size=33554432"
    "memorysetup-profiler-bucket-allocator-block-count=8"
    "memorysetup-profiler-allocator-block-size=16777216"
    "memorysetup-profiler-editor-allocator-block-size=1048576"
    "memorysetup-temp-allocator-size-main=16777216"
    "memorysetup-job-temp-allocator-block-size=2097152"
    "memorysetup-job-temp-allocator-block-size-background=1048576"
    "memorysetup-job-temp-allocator-reduction-small-platforms=262144"
    "memorysetup-temp-allocator-size-background-worker=32768"
    "memorysetup-temp-allocator-size-job-worker=262144"
    "memorysetup-temp-allocator-size-preload-manager=33554432"
    "memorysetup-temp-allocator-size-nav-mesh-worker=65536"
    "memorysetup-temp-allocator-size-audio-worker=65536"
    "memorysetup-temp-allocator-size-cloud-worker=32768"
    "memorysetup-temp-allocator-size-gi-baking-worker=262144"
    "memorysetup-temp-allocator-size-gfx=262144"
Refreshing native plugins compatible for Editor in 137.48 ms, found 4 plugins.
Preloading 0 native plugins for Editor in 0.00 ms.
Initialize engine version: 2021.3.10f1 (1c7d0df0160b)
[Subsystems] Discovering subsystems at path C:/Program Files/Unity/Hub/Editor/2021.3.10f1/Editor/Data/Resources/UnitySubsystems
[Subsystems] Discovering subsystems at path C:/Users/Mário Rodrigues/OneDrive/Documents/GitHub/jogo1/Game/Assets
GfxDevice: creating device client; threaded=0; jobified=0
Direct3D:
    Version:  Direct3D 11.0 [level 11.1]
    Renderer: NVIDIA GeForce GTX 1650 (ID=0x1f91)
    Vendor:   NVIDIA
    VRAM:     3962 MB
    Driver:   31.0.15.1694
Initialize mono
Mono path[0] = 'C:/Program Files/Unity/Hub/Editor/2021.3.10f1/Editor/Data/Managed'
Mono path[1] = 'C:/Program Files/Unity/Hub/Editor/2021.3.10f1/Editor/Data/MonoBleedingEdge/lib/mono/unityjit-win32'
Mono config path = 'C:/Program Files/Unity/Hub/Editor/2021.3.10f1/Editor/Data/MonoBleedingEdge/etc'
Using monoOptions --debugger-agent=transport=dt_socket,embedding=1,server=y,suspend=n,address=127.0.0.1:56232
Begin MonoManager ReloadAssembly
Registering precompiled unity dll's ...
Register platform support module: C:/Program Files/Unity/Hub/Editor/2021.3.10f1/Editor/Data/PlaybackEngines/WebGLSupport/UnityEditor.WebGL.Extensions.dll
Register platform support module: C:/Program Files/Unity/Hub/Editor/2021.3.10f1/Editor/Data/PlaybackEngines/WindowsStandaloneSupport/UnityEditor.WindowsStandalone.Extensions.dll
Registered in 0.008939 seconds.
Native extension for WindowsStandalone target not found
Native extension for WebGL target not found
Refreshing native plugins compatible for Editor in 117.55 ms, found 4 plugins.
Preloading 0 native plugins for Editor in 0.00 ms.
Mono: successfully reloaded assembly
- Completed reload, in  0.778 seconds
Domain Reload Profiling:
	ReloadAssembly (779ms)
		BeginReloadAssembly (113ms)
			ExecutionOrderSort (0ms)
			DisableScriptedObjects (0ms)
			BackupInstance (0ms)
			ReleaseScriptingObjects (0ms)
			CreateAndSetChildDomain (1ms)
		EndReloadAssembly (546ms)
			LoadAssemblies (110ms)
			RebuildTransferFunctionScriptingTraits (1ms)
			SetupTypeCache (119ms)
			ReleaseScriptCaches (0ms)
			RebuildScriptCaches (30ms)
			SetupLoadedEditorAssemblies (339ms)
				LogAssemblyErrors (0ms)
				InitializePlatformSupportModulesInManaged (11ms)
				SetLoadedEditorAssemblies (0ms)
				RefreshPlugins (118ms)
				BeforeProcessingInitializeOnLoad (1ms)
				ProcessInitializeOnLoadAttributes (159ms)
				ProcessInitializeOnLoadMethodAttributes (49ms)
				AfterProcessingInitializeOnLoad (0ms)
				EditorAssembliesLoaded (0ms)
			ExecutionOrderSort2 (0ms)
			AwakeInstancesAfterBackupRestoration (0ms)
Platform modules already initialized, skipping
Registering precompiled user dll's ...
Registered in 0.019413 seconds.
Begin MonoManager ReloadAssembly
Symbol file LoadedFromMemory doesn't match image C:\Users\Mário Rodrigues\OneDrive\Documents\GitHub\jogo1\Game\Library\PackageCache\com.unity.visualscripting@1.7.8\Editor\VisualScripting.Core\Dependencies\YamlDotNet\Unity.VisualScripting.YamlDotNet.dll
Symbol file LoadedFromMemory doesn't match image C:\Users\Mário Rodrigues\OneDrive\Documents\GitHub\jogo1\Game\Library\PackageCache\com.unity.visualscripting@1.7.8\Editor\VisualScripting.Core\Dependencies\DotNetZip\Unity.VisualScripting.IonicZip.dll
Native extension for WindowsStandalone target not found
Native extension for WebGL target not found
Refreshing native plugins compatible for Editor in 129.86 ms, found 4 plugins.
Preloading 0 native plugins for Editor in 0.00 ms.
Mono: successfully reloaded assembly
- Completed reload, in  1.479 seconds
Domain Reload Profiling:
	ReloadAssembly (1480ms)
		BeginReloadAssembly (149ms)
			ExecutionOrderSort (0ms)
			DisableScriptedObjects (6ms)
			BackupInstance (0ms)
			ReleaseScriptingObjects (0ms)
			CreateAndSetChildDomain (22ms)
		EndReloadAssembly (1204ms)
			LoadAssemblies (191ms)
			RebuildTransferFunctionScriptingTraits (0ms)
			SetupTypeCache (292ms)
			ReleaseScriptCaches (1ms)
			RebuildScriptCaches (74ms)
			SetupLoadedEditorAssemblies (617ms)
				LogAssemblyErrors (0ms)
				InitializePlatformSupportModulesInManaged (9ms)
				SetLoadedEditorAssemblies (0ms)
				RefreshPlugins (130ms)
				BeforeProcessingInitializeOnLoad (119ms)
				ProcessInitializeOnLoadAttributes (296ms)
				ProcessInitializeOnLoadMethodAttributes (54ms)
				AfterProcessingInitializeOnLoad (8ms)
				EditorAssembliesLoaded (0ms)
			ExecutionOrderSort2 (0ms)
			AwakeInstancesAfterBackupRestoration (8ms)
Platform modules already initialized, skipping
========================================================================
Worker process is ready to serve import requests
Launched and connected shader compiler UnityShaderCompiler.exe after 0.07 seconds
Refreshing native plugins compatible for Editor in 1.54 ms, found 4 plugins.
Preloading 0 native plugins for Editor in 0.00 ms.
Unloading 4523 Unused Serialized files (Serialized files now loaded: 0)
Unloading 39 unused Assets / (103.1 KB). Loaded Objects now: 4981.
Memory consumption went from 172.1 MB to 172.0 MB.
Total: 6.606900 ms (FindLiveObjects: 0.576300 ms CreateObjectMapping: 0.476700 ms MarkObjects: 5.392900 ms  DeleteObjects: 0.159400 ms)

AssetImportParameters requested are different than current active one (requested -> active):
  custom:video-decoder-ogg-theora: a1e56fd34408186e4bbccfd4996cb3dc -> 
  custom:container-muxer-webm: aa71ff27fc2769a1b78a27578f13a17b -> 
  custom:container-demuxer-webm: 4f35f7cbe854078d1ac9338744f61a02 -> 
  custom:video-encoder-webm-vp8: eb34c28f22e8b96e1ab97ce403110664 -> 
  custom:audio-encoder-webm-vorbis: bf7c407c2cedff20999df2af8eb42d56 -> 
  custom:framework-win-MediaFoundation: 216162199b28c13a410421893ffa2e32 -> 
  custom:container-demuxer-ogg: 62fdf1f143b41e24485cea50d1cbac27 -> 
  custom:video-decoder-webm-vp8: 9c59270c3fd7afecdb556c50c9e8de78 -> 
  custom:audio-decoder-ogg-vorbis: bf7c407c2cedff20999df2af8eb42d56 -> 
========================================================================
Received Import Request.
  Time since last request: 4015045.542346 seconds.
  path: Packages/com.unity.collab-proxy/Editor/PlasticSCM/Assets/Images/xlink.png
  artifactKey: Guid(556a2f3b046024d4c9621c1b4be5f0c1) Importer(815301076,1909f56bfc062723c751e8b465ee728b)
Start importing Packages/com.unity.collab-proxy/Editor/PlasticSCM/Assets/Images/xlink.png using Guid(556a2f3b046024d4c9621c1b4be5f0c1) Importer(815301076,1909f56bfc062723c751e8b465ee728b)  -> (artifact id: 'bba043e3ce09e31f1a7d7ab09d49d7ff') in 0.202046 seconds 
========================================================================
Received Import Request.
  Time since last request: 1.499113 seconds.
  path: Assets/Imports/Pixel Monster Pack/64x64 monsters/worm-white.png
  artifactKey: Guid(36301e2e5c34b524fbd0d2c8ac6eb76a) Importer(815301076,1909f56bfc062723c751e8b465ee728b)
Start importing Assets/Imports/Pixel Monster Pack/64x64 monsters/worm-white.png using Guid(36301e2e5c34b524fbd0d2c8ac6eb76a) Importer(815301076,1909f56bfc062723c751e8b465ee728b)  -> (artifact id: '225c2fb3464eb4bf9223aa6e798e3e7a') in 0.017417 seconds 
========================================================================
Received Import Request.
  Time since last request: 0.020938 seconds.
  path: Assets/Imports/Pixel Monster Pack/64x64 monsters/worm-green.png
  artifactKey: Guid(ed7b05551bd03704096e7feaba6b6d8f) Importer(815301076,1909f56bfc062723c751e8b465ee728b)
Start importing Assets/Imports/Pixel Monster Pack/64x64 monsters/worm-green.png using Guid(ed7b05551bd03704096e7feaba6b6d8f) Importer(815301076,1909f56bfc062723c751e8b465ee728b)  -> (artifact id: '5c03e6b5ba968893fcac3d9196be4c24') in 0.014726 seconds 
========================================================================
Received Import Request.
  Time since last request: 0.486138 seconds.
  path: Assets/Imports/Pixel Monster Pack/64x64 monsters/worm-brown.png
  artifactKey: Guid(778b60b99daa56241a73c210fb961e61) Importer(815301076,1909f56bfc062723c751e8b465ee728b)
Start importing Assets/Imports/Pixel Monster Pack/64x64 monsters/worm-brown.png using Guid(778b60b99daa56241a73c210fb961e61) Importer(815301076,1909f56bfc062723c751e8b465ee728b)  -> (artifact id: '9e445d40e465a60477ccd2800a6cb017') in 0.023665 seconds 
========================================================================
Received Import Request.
  Time since last request: 0.023081 seconds.
  path: Assets/Imports/Pixel Monster Pack/32x32 monsters/worm-black.png
  artifactKey: Guid(b1aeaa343a4b9884992a5b657e975e16) Importer(815301076,1909f56bfc062723c751e8b465ee728b)
Start importing Assets/Imports/Pixel Monster Pack/32x32 monsters/worm-black.png using Guid(b1aeaa343a4b9884992a5b657e975e16) Importer(815301076,1909f56bfc062723c751e8b465ee728b)  -> (artifact id: '2650e0017090367f9b5b97778a188fb5') in 0.015179 seconds 
========================================================================
Received Import Request.
  Time since last request: 0.029072 seconds.
  path: Assets/Imports/Pixel Monster Pack/64x64 monsters/wolf-white.png
  artifactKey: Guid(8f79f1523e40c5e4ca39009bd1678bb0) Importer(815301076,1909f56bfc062723c751e8b465ee728b)
Start importing Assets/Imports/Pixel Monster Pack/64x64 monsters/wolf-white.png using Guid(8f79f1523e40c5e4ca39009bd1678bb0) Importer(815301076,1909f56bfc062723c751e8b465ee728b)  -> (artifact id: 'b1382ff14284f593bfdbce98b3a9cef6') in 0.018583 seconds 
========================================================================
Received Import Request.
  Time since last request: 0.218267 seconds.
  path: Assets/Imports/Pixel Monster Pack/32x32 monsters/wolf-green.png
  artifactKey: Guid(62eaa2a609276b64c826459c8cc52a9a) Importer(815301076,1909f56bfc062723c751e8b465ee728b)
Start importing Assets/Imports/Pixel Monster Pack/32x32 monsters/wolf-green.png using Guid(62eaa2a609276b64c826459c8cc52a9a) Importer(815301076,1909f56bfc062723c751e8b465ee728b)  -> (artifact id: '24e44d177f71454772a515bed93e166f') in 0.017673 seconds 
========================================================================
Received Import Request.
  Time since last request: 0.000035 seconds.
  path: Assets/Imports/Pixel Monster Pack/32x32 monsters/wolf-black.png
  artifactKey: Guid(e62c76c496528234a8b52eb179ea6350) Importer(815301076,1909f56bfc062723c751e8b465ee728b)
Start importing Assets/Imports/Pixel Monster Pack/32x32 monsters/wolf-black.png using Guid(e62c76c496528234a8b52eb179ea6350) Importer(815301076,1909f56bfc062723c751e8b465ee728b)  -> (artifact id: '5ca1d4422863598a664f2471fd8078dd') in 0.015098 seconds 
========================================================================
Received Import Request.
  Time since last request: 0.000029 seconds.
  path: Assets/Imports/Pixel Monster Pack/64x64 monsters/wolf-black.png
  artifactKey: Guid(c8c5682632b607340b525fd2cc04679b) Importer(815301076,1909f56bfc062723c751e8b465ee728b)
Start importing Assets/Imports/Pixel Monster Pack/64x64 monsters/wolf-black.png using Guid(c8c5682632b607340b525fd2cc04679b) Importer(815301076,1909f56bfc062723c751e8b465ee728b)  -> (artifact id: 'f533ae5bd267f56447f21cbb35995939') in 0.015991 seconds 
========================================================================
Received Import Request.
  Time since last request: 0.021887 seconds.
  path: Packages/com.unity.2d.animation/Editor/Assets/SkinningModule/Icons/Selected/Weight_Slider@4x.png
  artifactKey: Guid(ac47ed8ccc79cf04dae198b9cc5b3a6f) Importer(815301076,1909f56bfc062723c751e8b465ee728b)
Start importing Packages/com.unity.2d.animation/Editor/Assets/SkinningModule/Icons/Selected/Weight_Slider@4x.png using Guid(ac47ed8ccc79cf04dae198b9cc5b3a6f) Importer(815301076,1909f56bfc062723c751e8b465ee728b)  -> (artifact id: 'd4a35c07c7837a4b849115da20fcf4bf') in 0.015647 seconds 
========================================================================
Received Import Request.
  Time since last request: 0.240192 seconds.
  path: Packages/com.unity.2d.animation/Editor/Assets/SkinningModule/Icons/Light/Weight_Slider@3x.png
  artifactKey: Guid(ec8214d7d416a8746bb342b71e8e4269) Importer(815301076,1909f56bfc062723c751e8b465ee728b)
Start importing Packages/com.unity.2d.animation/Editor/Assets/SkinningModule/Icons/Light/Weight_Slider@3x.png using Guid(ec8214d7d416a8746bb342b71e8e4269) Importer(815301076,1909f56bfc062723c751e8b465ee728b)  -> (artifact id: '2dc18ad18ed510f793d981a061a433de') in 0.024574 seconds 
========================================================================
Received Import Request.
  Time since last request: 0.000032 seconds.
  path: Packages/com.unity.2d.animation/Editor/Assets/SkinningModule/Icons/Light/Weight_Slider.png
  artifactKey: Guid(aa91af43c72989f44bf937fd28243bc7) Importer(815301076,1909f56bfc062723c751e8b465ee728b)
Start importing Packages/com.unity.2d.animation/Editor/Assets/SkinningModule/Icons/Light/Weight_Slider.png using Guid(aa91af43c72989f44bf937fd28243bc7) Importer(815301076,1909f56bfc062723c751e8b465ee728b)  -> (artifact id: 'f3cf7b7cef0f5c6b728b5ed7ff69ae24') in 0.016170 seconds 
========================================================================
Received Import Request.
  Time since last request: 0.028973 seconds.
  path: Packages/com.unity.2d.animation/Editor/Assets/SkinningModule/Icons/Selected/Weight_Slider.png
  artifactKey: Guid(96b029a4248c85a4e8de2aa81fc0b60a) Importer(815301076,1909f56bfc062723c751e8b465ee728b)
Start importing Packages/com.unity.2d.animation/Editor/Assets/SkinningModule/Icons/Selected/Weight_Slider.png using Guid(96b029a4248c85a4e8de2aa81fc0b60a) Importer(815301076,1909f56bfc062723c751e8b465ee728b)  -> (artifact id: '8bb366f7df1b06acffa42c3f4ad14e3b') in 0.016337 seconds 
========================================================================
Received Import Request.
  Time since last request: 1.333572 seconds.
  path: Packages/com.unity.2d.animation/Editor/Assets/SkinningModule/Icons/Light/Weight_Brush@2x.png
  artifactKey: Guid(17d3bf7425a0748489ce3633e38652db) Importer(815301076,1909f56bfc062723c751e8b465ee728b)
Start importing Packages/com.unity.2d.animation/Editor/Assets/SkinningModule/Icons/Light/Weight_Brush@2x.png using Guid(17d3bf7425a0748489ce3633e38652db) Importer(815301076,1909f56bfc062723c751e8b465ee728b)  -> (artifact id: 'd67cbd3a99b569207cf3df7089bc2791') in 0.043770 seconds 
========================================================================
Received Import Request.
  Time since last request: 0.000037 seconds.
  path: Packages/com.unity.2d.animation/Editor/Assets/SkinningModule/Icons/Light/Sprite_Mode@4x.png
  artifactKey: Guid(554a30a45860f494ca38586c54b7e5d9) Importer(815301076,1909f56bfc062723c751e8b465ee728b)
Start importing Packages/com.unity.2d.animation/Editor/Assets/SkinningModule/Icons/Light/Sprite_Mode@4x.png using Guid(554a30a45860f494ca38586c54b7e5d9) Importer(815301076,1909f56bfc062723c751e8b465ee728b)  -> (artifact id: '1481833583f90f1df87ed9e4ae2ffb63') in 0.019991 seconds 
========================================================================
Received Import Request.
  Time since last request: 0.000048 seconds.
  path: Assets/Imports/Pixel Monster Pack/sprite-sheet-32x32.png
  artifactKey: Guid(c3a0ffcab94f86043aa02beca70d680b) Importer(815301076,1909f56bfc062723c751e8b465ee728b)
Start importing Assets/Imports/Pixel Monster Pack/sprite-sheet-32x32.png using Guid(c3a0ffcab94f86043aa02beca70d680b) Importer(815301076,1909f56bfc062723c751e8b465ee728b)  -> (artifact id: '18ebafe485498846331fbb58de1d5523') in 0.282734 seconds 
========================================================================
Received Import Request.
  Time since last request: 0.000026 seconds.
  path: Assets/Imports/Pixel Art - Swords and Staffs/Pack 4/1px/13.png
  artifactKey: Guid(11be5dbe8c20c1746acf5ca521c67ef6) Importer(815301076,1909f56bfc062723c751e8b465ee728b)
Start importing Assets/Imports/Pixel Art - Swords and Staffs/Pack 4/1px/13.png using Guid(11be5dbe8c20c1746acf5ca521c67ef6) Importer(815301076,1909f56bfc062723c751e8b465ee728b)  -> (artifact id: '36506a724f38962fe963d9c9386cb438') in 0.022156 seconds 
========================================================================
Received Import Request.
  Time since last request: 0.000035 seconds.
  path: Assets/Imports/Pixel Art - Swords and Staffs/Pack 4/1px/11.png
  artifactKey: Guid(ddf2f0e9738b19946b101665b1b96da1) Importer(815301076,1909f56bfc062723c751e8b465ee728b)
Start importing Assets/Imports/Pixel Art - Swords and Staffs/Pack 4/1px/11.png using Guid(ddf2f0e9738b19946b101665b1b96da1) Importer(815301076,1909f56bfc062723c751e8b465ee728b)  -> (artifact id: '5171fffc01a9488f627e2818f626267d') in 0.022623 seconds 
========================================================================
Received Import Request.
  Time since last request: 0.000028 seconds.
  path: Assets/Imports/Pixel Art - Swords and Staffs/Pack 1/2px/27a.png
  artifactKey: Guid(bca8d6632f08f944c80c70e81c3f75e3) Importer(815301076,1909f56bfc062723c751e8b465ee728b)
Start importing Assets/Imports/Pixel Art - Swords and Staffs/Pack 1/2px/27a.png using Guid(bca8d6632f08f944c80c70e81c3f75e3) Importer(815301076,1909f56bfc062723c751e8b465ee728b)  -> (artifact id: '88699d4894bc6af5baa1722a911a10d8') in 0.019176 seconds 
========================================================================
Received Import Request.
  Time since last request: 0.000038 seconds.
  path: Assets/Imports/Pixel Art - Swords and Staffs/Pack 1/2px/21.png
  artifactKey: Guid(2d48c88d3a6a5d94cb8439bdd639d9ad) Importer(815301076,1909f56bfc062723c751e8b465ee728b)
Start importing Assets/Imports/Pixel Art - Swords and Staffs/Pack 1/2px/21.png using Guid(2d48c88d3a6a5d94cb8439bdd639d9ad) Importer(815301076,1909f56bfc062723c751e8b465ee728b)  -> (artifact id: '80ed9cfc3e44e3e9426c4637be9f85e3') in 0.041872 seconds 
========================================================================
Received Import Request.
  Time since last request: 0.000022 seconds.
  path: Assets/Imports/Pixel Art - Swords and Staffs/Pack 1/2px/04.png
  artifactKey: Guid(a247fec4e956f594ab542c6c47e0cc6f) Importer(815301076,1909f56bfc062723c751e8b465ee728b)
Start importing Assets/Imports/Pixel Art - Swords and Staffs/Pack 1/2px/04.png using Guid(a247fec4e956f594ab542c6c47e0cc6f) Importer(815301076,1909f56bfc062723c751e8b465ee728b)  -> (artifact id: '8204236e16051e06ac5ad28e36165186') in 0.016887 seconds 
========================================================================
Received Import Request.
  Time since last request: 0.000023 seconds.
  path: Assets/Imports/Pixel Art - Swords and Staffs/Pack 2/2px/13.png
  artifactKey: Guid(aa6a8585c556c0c4bba69b33d7356ad2) Importer(815301076,1909f56bfc062723c751e8b465ee728b)
Start importing Assets/Imports/Pixel Art - Swords and Staffs/Pack 2/2px/13.png using Guid(aa6a8585c556c0c4bba69b33d7356ad2) Importer(815301076,1909f56bfc062723c751e8b465ee728b)  -> (artifact id: '2b2b827fcd952887012aaa2b39ab63e0') in 0.017367 seconds 
========================================================================
Received Import Request.
  Time since last request: 0.000033 seconds.
  path: Packages/com.unity.2d.animation/Editor/Assets/SkinningModule/Icons/Dark/d_Create_Vertex@2x.png
  artifactKey: Guid(80a2a0d76c01997428d4213411145e8c) Importer(815301076,1909f56bfc062723c751e8b465ee728b)
Start importing Packages/com.unity.2d.animation/Editor/Assets/SkinningModule/Icons/Dark/d_Create_Vertex@2x.png using Guid(80a2a0d76c01997428d4213411145e8c) Importer(815301076,1909f56bfc062723c751e8b465ee728b)  -> (artifact id: 'd2c36c41e1a2b2e10526ef98b27f7c15') in 0.018488 seconds 
========================================================================
Received Import Request.
  Time since last request: 0.000034 seconds.
  path: Assets/Imports/Pixel Art - Swords and Staffs/Pack 3/1px/06.png
  artifactKey: Guid(18621b9f4f7f443428c6171a9ae7e2d6) Importer(815301076,1909f56bfc062723c751e8b465ee728b)
Start importing Assets/Imports/Pixel Art - Swords and Staffs/Pack 3/1px/06.png using Guid(18621b9f4f7f443428c6171a9ae7e2d6) Importer(815301076,1909f56bfc062723c751e8b465ee728b)  -> (artifact id: 'fcf517ba3c32d6846a7b16f4fe114d06') in 0.018967 seconds 
========================================================================
Received Import Request.
  Time since last request: 0.000056 seconds.
  path: Assets/Imports/Pixel Art - Swords and Staffs/Pack 5/2px/01.png
  artifactKey: Guid(ff6d07475cee32c4ca7a0d0d00025340) Importer(815301076,1909f56bfc062723c751e8b465ee728b)
Start importing Assets/Imports/Pixel Art - Swords and Staffs/Pack 5/2px/01.png using Guid(ff6d07475cee32c4ca7a0d0d00025340) Importer(815301076,1909f56bfc062723c751e8b465ee728b)  -> (artifact id: 'ef32b8b0c63cae95e74a3055b8e70fd4') in 0.016922 seconds 
========================================================================
Received Import Request.
  Time since last request: 0.000024 seconds.
  path: Packages/com.unity.2d.animation/Editor/Assets/SkinningModule/Icons/Dark/d_Create_Edge@2x.png
  artifactKey: Guid(ebaf5b914f751a142b6851d985adf69d) Importer(815301076,1909f56bfc062723c751e8b465ee728b)
Start importing Packages/com.unity.2d.animation/Editor/Assets/SkinningModule/Icons/Dark/d_Create_Edge@2x.png using Guid(ebaf5b914f751a142b6851d985adf69d) Importer(815301076,1909f56bfc062723c751e8b465ee728b)  -> (artifact id: '3204fc1ad23454f98a823312e663017a') in 0.018644 seconds 
========================================================================
Received Import Request.
  Time since last request: 0.000027 seconds.
  path: Assets/Imports/Pixel Art - Swords and Staffs/Pack 2/2px/04.png
  artifactKey: Guid(44a6ab0c3d74f5d4da55122c202c09fd) Importer(815301076,1909f56bfc062723c751e8b465ee728b)
Start importing Assets/Imports/Pixel Art - Swords and Staffs/Pack 2/2px/04.png using Guid(44a6ab0c3d74f5d4da55122c202c09fd) Importer(815301076,1909f56bfc062723c751e8b465ee728b)  -> (artifact id: '1de3fdf5e38e2feee33af478e315bfea') in 0.021665 seconds 
========================================================================
Received Import Request.
  Time since last request: 0.000027 seconds.
  path: Assets/Imports/Pixel Art - Swords and Staffs/Pack 5/2px/13.png
  artifactKey: Guid(e2f56765dadb8b84fbbd69d7eeb89f4e) Importer(815301076,1909f56bfc062723c751e8b465ee728b)
Start importing Assets/Imports/Pixel Art - Swords and Staffs/Pack 5/2px/13.png using Guid(e2f56765dadb8b84fbbd69d7eeb89f4e) Importer(815301076,1909f56bfc062723c751e8b465ee728b)  -> (artifact id: 'c08d0b29ebb31d578951dbd9857e8724') in 0.020714 seconds 
========================================================================
Received Import Request.
  Time since last request: 0.000052 seconds.
  path: Assets/Imports/Pixel Art - Swords and Staffs/Pack 2/0px (sloppy)/14.png
  artifactKey: Guid(1bf3a93359d8bd846bdd87b758d64e39) Importer(815301076,1909f56bfc062723c751e8b465ee728b)
Start importing Assets/Imports/Pixel Art - Swords and Staffs/Pack 2/0px (sloppy)/14.png using Guid(1bf3a93359d8bd846bdd87b758d64e39) Importer(815301076,1909f56bfc062723c751e8b465ee728b)  -> (artifact id: '795461df01f15f1de3e15f22954675ea') in 0.017645 seconds 
========================================================================
Received Import Request.
  Time since last request: 0.000043 seconds.
  path: Assets/Imports/Pixel Art - Swords and Staffs/Pack 2/1px/23.png
  artifactKey: Guid(340d7b875780dde4fb998cd92c9be1b5) Importer(815301076,1909f56bfc062723c751e8b465ee728b)
Start importing Assets/Imports/Pixel Art - Swords and Staffs/Pack 2/1px/23.png using Guid(340d7b875780dde4fb998cd92c9be1b5) Importer(815301076,1909f56bfc062723c751e8b465ee728b)  -> (artifact id: 'de1ecb911605a8fd648a431ec7c736f9') in 0.020124 seconds 
========================================================================
Received Import Request.
  Time since last request: 0.000024 seconds.
  path: Assets/Imports/Pixel Art - Swords and Staffs/Pack 1/1px/13.png
  artifactKey: Guid(424dcd1e01b261645b3b2b5e3e7d8140) Importer(815301076,1909f56bfc062723c751e8b465ee728b)
Start importing Assets/Imports/Pixel Art - Swords and Staffs/Pack 1/1px/13.png using Guid(424dcd1e01b261645b3b2b5e3e7d8140) Importer(815301076,1909f56bfc062723c751e8b465ee728b)  -> (artifact id: 'f22b179e1e864513e09dbcbb353d4c53') in 0.016547 seconds 
========================================================================
Received Import Request.
  Time since last request: 0.000044 seconds.
  path: Assets/Imports/Pixel Art - Swords and Staffs/Pack 1/1px/08.png
  artifactKey: Guid(273a6e91e3a600a4e910177fb51a2fe3) Importer(815301076,1909f56bfc062723c751e8b465ee728b)
Start importing Assets/Imports/Pixel Art - Swords and Staffs/Pack 1/1px/08.png using Guid(273a6e91e3a600a4e910177fb51a2fe3) Importer(815301076,1909f56bfc062723c751e8b465ee728b)  -> (artifact id: 'eda1bc1baaeb2c716a125e079c7b20b5') in 0.019172 seconds 
========================================================================
Received Import Request.
  Time since last request: 0.000044 seconds.
  path: Assets/Imports/Pixel Art - Swords and Staffs/Pack 5/2px/09.png
  artifactKey: Guid(98e5327fafb8d6d438a461954dd243e0) Importer(815301076,1909f56bfc062723c751e8b465ee728b)
Start importing Assets/Imports/Pixel Art - Swords and Staffs/Pack 5/2px/09.png using Guid(98e5327fafb8d6d438a461954dd243e0) Importer(815301076,1909f56bfc062723c751e8b465ee728b)  -> (artifact id: 'a83c32934287fcdb9fcc682c9dc627ba') in 0.018123 seconds 
========================================================================
Received Import Request.
  Time since last request: 0.000043 seconds.
  path: Assets/Imports/Pixel Art - Swords and Staffs/Pack 1/0px/27b.png
  artifactKey: Guid(28a661773e9acc54f95f96576179a415) Importer(815301076,1909f56bfc062723c751e8b465ee728b)
Start importing Assets/Imports/Pixel Art - Swords and Staffs/Pack 1/0px/27b.png using Guid(28a661773e9acc54f95f96576179a415) Importer(815301076,1909f56bfc062723c751e8b465ee728b)  -> (artifact id: 'e72e26a390671efa8d0f31bbb0834e57') in 0.017773 seconds 
========================================================================
Received Import Request.
  Time since last request: 0.000029 seconds.
  path: Assets/Imports/Pixel Art - Swords and Staffs/Pack 1/1px/27b.png
  artifactKey: Guid(a886dd6a761b7294caaf7a1ed8247105) Importer(815301076,1909f56bfc062723c751e8b465ee728b)
Start importing Assets/Imports/Pixel Art - Swords and Staffs/Pack 1/1px/27b.png using Guid(a886dd6a761b7294caaf7a1ed8247105) Importer(815301076,1909f56bfc062723c751e8b465ee728b)  -> (artifact id: 'f558d0ed0f0e62ec1eee568c737d570b') in 0.016266 seconds 
========================================================================
Received Import Request.
  Time since last request: 0.000050 seconds.
  path: Assets/Imports/Pixel Art - Swords and Staffs/Pack 1/2px/22.png
  artifactKey: Guid(6b3c6b2f20392644f9cbbed2bc65a271) Importer(815301076,1909f56bfc062723c751e8b465ee728b)
Start importing Assets/Imports/Pixel Art - Swords and Staffs/Pack 1/2px/22.png using Guid(6b3c6b2f20392644f9cbbed2bc65a271) Importer(815301076,1909f56bfc062723c751e8b465ee728b)  -> (artifact id: 'ad7a3f0a9aee6a24ab1b7d74dbdd18a7') in 0.017818 seconds 
========================================================================
Received Import Request.
  Time since last request: 0.000029 seconds.
  path: Assets/Imports/Pixel Art - Swords and Staffs/Pack 1/1px/33.png
  artifactKey: Guid(0ed635945ec06404c93d5c88e6910182) Importer(815301076,1909f56bfc062723c751e8b465ee728b)
Start importing Assets/Imports/Pixel Art - Swords and Staffs/Pack 1/1px/33.png using Guid(0ed635945ec06404c93d5c88e6910182) Importer(815301076,1909f56bfc062723c751e8b465ee728b)  -> (artifact id: 'a56c6648d2ae8491c2368f94fbc822d1') in 0.019308 seconds 
========================================================================
Received Import Request.
  Time since last request: 0.000041 seconds.
  path: Assets/Imports/Pixel Art - Swords and Staffs/Pack 3/2px/29.png
  artifactKey: Guid(7c585db8e9a6547429dccb1c3130936a) Importer(815301076,1909f56bfc062723c751e8b465ee728b)
Start importing Assets/Imports/Pixel Art - Swords and Staffs/Pack 3/2px/29.png using Guid(7c585db8e9a6547429dccb1c3130936a) Importer(815301076,1909f56bfc062723c751e8b465ee728b)  -> (artifact id: 'ae61fa47d9c609009433b5855b5aa6bb') in 0.018906 seconds 
========================================================================
Received Import Request.
  Time since last request: 0.000070 seconds.
  path: Assets/Imports/Pixel Art - Swords and Staffs/Pack 5/1px/12.png
  artifactKey: Guid(8b8d32a80e8f9c84b8b099850446c052) Importer(815301076,1909f56bfc062723c751e8b465ee728b)
Start importing Assets/Imports/Pixel Art - Swords and Staffs/Pack 5/1px/12.png using Guid(8b8d32a80e8f9c84b8b099850446c052) Importer(815301076,1909f56bfc062723c751e8b465ee728b)  -> (artifact id: '563e31cff1d076e9ee93bd22708f8b35') in 0.022276 seconds 
========================================================================
Received Import Request.
  Time since last request: 0.000036 seconds.
  path: Packages/com.unity.2d.animation/Editor/Assets/SkinningModule/Icons/Dark/d_Create_Vertex@3x.png
  artifactKey: Guid(501233c9f1da3ef44b4ff7115f564d9b) Importer(815301076,1909f56bfc062723c751e8b465ee728b)
Start importing Packages/com.unity.2d.animation/Editor/Assets/SkinningModule/Icons/Dark/d_Create_Vertex@3x.png using Guid(501233c9f1da3ef44b4ff7115f564d9b) Importer(815301076,1909f56bfc062723c751e8b465ee728b)  -> (artifact id: '3c241a5ab192977e3d66b456475aa3f4') in 0.031459 seconds 
========================================================================
Received Import Request.
  Time since last request: 0.000054 seconds.
  path: Assets/Imports/Pixel Art - Swords and Staffs/Pack 2/0px (sloppy)/09.png
  artifactKey: Guid(2b53422dd420cff4aa72e65a5024af63) Importer(815301076,1909f56bfc062723c751e8b465ee728b)
Start importing Assets/Imports/Pixel Art - Swords and Staffs/Pack 2/0px (sloppy)/09.png using Guid(2b53422dd420cff4aa72e65a5024af63) Importer(815301076,1909f56bfc062723c751e8b465ee728b)  -> (artifact id: '1df8992461d74e69556c898d65a9147d') in 0.022524 seconds 
========================================================================
Received Import Request.
  Time since last request: 0.000035 seconds.
  path: Assets/Imports/Pixel Monster Pack/sprite-sheet-64x64.png
  artifactKey: Guid(c6551d5c9e174f44ba33a4a4e61b94d0) Importer(815301076,1909f56bfc062723c751e8b465ee728b)
Start importing Assets/Imports/Pixel Monster Pack/sprite-sheet-64x64.png using Guid(c6551d5c9e174f44ba33a4a4e61b94d0) Importer(815301076,1909f56bfc062723c751e8b465ee728b)  -> (artifact id: '6e494cf22e621a86e417caf4f2b88c67') in 0.229639 seconds 
========================================================================
Received Import Request.
  Time since last request: 0.000032 seconds.
  path: Assets/Imports/Pixel Art - Swords and Staffs/Pack 1/0px/21.png
  artifactKey: Guid(a9e247dae97297a44923ee1bbec77eeb) Importer(815301076,1909f56bfc062723c751e8b465ee728b)
Start importing Assets/Imports/Pixel Art - Swords and Staffs/Pack 1/0px/21.png using Guid(a9e247dae97297a44923ee1bbec77eeb) Importer(815301076,1909f56bfc062723c751e8b465ee728b)  -> (artifact id: '5090c4e8449f4e103c3483ecd7de7e37') in 0.021017 seconds 
========================================================================
Received Import Request.
  Time since last request: 0.000056 seconds.
  path: Assets/Imports/Pixel Art - Swords and Staffs/Pack 3/2px/26.png
  artifactKey: Guid(372f21fcf270e70418e9cb7997f4bede) Importer(815301076,1909f56bfc062723c751e8b465ee728b)
Start importing Assets/Imports/Pixel Art - Swords and Staffs/Pack 3/2px/26.png using Guid(372f21fcf270e70418e9cb7997f4bede) Importer(815301076,1909f56bfc062723c751e8b465ee728b)  -> (artifact id: '190746e890e4e64b6e8304133d03efaa') in 0.020830 seconds 
========================================================================
Received Import Request.
  Time since last request: 0.000039 seconds.
  path: Assets/Imports/Pixel Art - Swords and Staffs/Pack 1/0px/01.png
  artifactKey: Guid(f62449d251afcc44a8d2ae2c988c5d40) Importer(815301076,1909f56bfc062723c751e8b465ee728b)
Start importing Assets/Imports/Pixel Art - Swords and Staffs/Pack 1/0px/01.png using Guid(f62449d251afcc44a8d2ae2c988c5d40) Importer(815301076,1909f56bfc062723c751e8b465ee728b)  -> (artifact id: 'ecc26907c19d9d717ab241c825e2f345') in 0.019557 seconds 
========================================================================
Received Import Request.
  Time since last request: 0.000024 seconds.
  path: Assets/Imports/Pixel Art - Swords and Staffs/Pack 2/0px (sloppy)/21.png
  artifactKey: Guid(f399090e6d63c3845aab9a0ee2b020d2) Importer(815301076,1909f56bfc062723c751e8b465ee728b)
Start importing Assets/Imports/Pixel Art - Swords and Staffs/Pack 2/0px (sloppy)/21.png using Guid(f399090e6d63c3845aab9a0ee2b020d2) Importer(815301076,1909f56bfc062723c751e8b465ee728b)  -> (artifact id: 'd4d2939bd9e60c080eee8da78b3fdbbd') in 0.018790 seconds 
========================================================================
Received Import Request.
  Time since last request: 0.000029 seconds.
  path: Assets/Imports/Pixel Art - Swords and Staffs/Pack 1/0px/27a.png
  artifactKey: Guid(7d6e3df3e18b30645bb39267ef362a7e) Importer(815301076,1909f56bfc062723c751e8b465ee728b)
Start importing Assets/Imports/Pixel Art - Swords and Staffs/Pack 1/0px/27a.png using Guid(7d6e3df3e18b30645bb39267ef362a7e) Importer(815301076,1909f56bfc062723c751e8b465ee728b)  -> (artifact id: '8fd43efa2011a967a53f94111e48b9a4') in 0.017931 seconds 
========================================================================
Received Import Request.
  Time since last request: 0.000030 seconds.
  path: Assets/Imports/Pixel Art - Swords and Staffs/Pack 2/2px/20.png
  artifactKey: Guid(e5d991b6dec7e5c4b8e5c075ce58ec6a) Importer(815301076,1909f56bfc062723c751e8b465ee728b)
Start importing Assets/Imports/Pixel Art - Swords and Staffs/Pack 2/2px/20.png using Guid(e5d991b6dec7e5c4b8e5c075ce58ec6a) Importer(815301076,1909f56bfc062723c751e8b465ee728b)  -> (artifact id: '38b3cc0e382f62e578c7c18fe049ac07') in 0.019210 seconds 
========================================================================
Received Import Request.
  Time since last request: 0.000054 seconds.
  path: Assets/Imports/Pixel Art - Swords and Staffs/Pack 2/1px/09.png
  artifactKey: Guid(e08c03c8b9ffc7c4f842881f5af4a06c) Importer(815301076,1909f56bfc062723c751e8b465ee728b)
Start importing Assets/Imports/Pixel Art - Swords and Staffs/Pack 2/1px/09.png using Guid(e08c03c8b9ffc7c4f842881f5af4a06c) Importer(815301076,1909f56bfc062723c751e8b465ee728b)  -> (artifact id: '4af317a4bc911ca61961f95fd8718d81') in 0.020804 seconds 
========================================================================
Received Import Request.
  Time since last request: 0.000034 seconds.
  path: Assets/Imports/Pixel Art - Swords and Staffs/Pack 3/1px/05.png
  artifactKey: Guid(7efa66491f49d2049ad7d6a8115749ed) Importer(815301076,1909f56bfc062723c751e8b465ee728b)
Start importing Assets/Imports/Pixel Art - Swords and Staffs/Pack 3/1px/05.png using Guid(7efa66491f49d2049ad7d6a8115749ed) Importer(815301076,1909f56bfc062723c751e8b465ee728b)  -> (artifact id: 'f8b8a0d3508ed870f16287f194bb92f7') in 0.019365 seconds 
========================================================================
Received Import Request.
  Time since last request: 0.000036 seconds.
  path: Assets/Imports/Pixel Art - Swords and Staffs/Pack 2/1px/25.png
  artifactKey: Guid(cecfc595be6a1dd4db4b64b9f0c9a1b7) Importer(815301076,1909f56bfc062723c751e8b465ee728b)
Start importing Assets/Imports/Pixel Art - Swords and Staffs/Pack 2/1px/25.png using Guid(cecfc595be6a1dd4db4b64b9f0c9a1b7) Importer(815301076,1909f56bfc062723c751e8b465ee728b)  -> (artifact id: 'db741b5da3f56d82f7c7e2ffc99f0b79') in 0.019197 seconds 
========================================================================
Received Import Request.
  Time since last request: 0.000037 seconds.
  path: Assets/Imports/Pixel Art - Swords and Staffs/Pack 2/1px/04.png
  artifactKey: Guid(bf73fb1550f5c7a49bc79816512fe396) Importer(815301076,1909f56bfc062723c751e8b465ee728b)
Start importing Assets/Imports/Pixel Art - Swords and Staffs/Pack 2/1px/04.png using Guid(bf73fb1550f5c7a49bc79816512fe396) Importer(815301076,1909f56bfc062723c751e8b465ee728b)  -> (artifact id: '61ba26d605a163af11927bc4b9d7790d') in 0.021868 seconds 
========================================================================
Received Import Request.
  Time since last request: 0.000042 seconds.
  path: Assets/Imports/Pixel Art - Swords and Staffs/Pack 2/0px (sloppy)/04.png
  artifactKey: Guid(70575884309772145a6a19e0a1c378e4) Importer(815301076,1909f56bfc062723c751e8b465ee728b)
Start importing Assets/Imports/Pixel Art - Swords and Staffs/Pack 2/0px (sloppy)/04.png using Guid(70575884309772145a6a19e0a1c378e4) Importer(815301076,1909f56bfc062723c751e8b465ee728b)  -> (artifact id: '1e90aefc64741acda1c24421566761d0') in 0.024604 seconds 
========================================================================
Received Import Request.
  Time since last request: 0.000051 seconds.
  path: Assets/Imports/Pixel Art - Swords and Staffs/Pack 4/1px/34.png
  artifactKey: Guid(592b980bee255624c92461aa39664646) Importer(815301076,1909f56bfc062723c751e8b465ee728b)
Start importing Assets/Imports/Pixel Art - Swords and Staffs/Pack 4/1px/34.png using Guid(592b980bee255624c92461aa39664646) Importer(815301076,1909f56bfc062723c751e8b465ee728b)  -> (artifact id: '670647935bf20408e97c2bafd5133082') in 0.021476 seconds 
========================================================================
Received Import Request.
  Time since last request: 0.000038 seconds.
  path: Packages/com.unity.2d.psdimporter/Editor/Assets/Icons/Light/Layers Collapsed@16x.png
  artifactKey: Guid(cf195ec1f698d488fb3fdeebc2b3ad33) Importer(815301076,1909f56bfc062723c751e8b465ee728b)
Start importing Packages/com.unity.2d.psdimporter/Editor/Assets/Icons/Light/Layers Collapsed@16x.png using Guid(cf195ec1f698d488fb3fdeebc2b3ad33) Importer(815301076,1909f56bfc062723c751e8b465ee728b)  -> (artifact id: 'c5dfd44961b51f7e0f42e718ae4cab63') in 0.028027 seconds 
========================================================================
Received Import Request.
  Time since last request: 0.000029 seconds.
  path: Assets/Imports/Pixel Art - Swords and Staffs/Pack 4/2px/29.png
  artifactKey: Guid(9e47b6d3ae931e843b2fa9c930cc0205) Importer(815301076,1909f56bfc062723c751e8b465ee728b)
Start importing Assets/Imports/Pixel Art - Swords and Staffs/Pack 4/2px/29.png using Guid(9e47b6d3ae931e843b2fa9c930cc0205) Importer(815301076,1909f56bfc062723c751e8b465ee728b)  -> (artifact id: '2446302854cb6e5f6da63de01ad56c17') in 0.020286 seconds 
========================================================================
Received Import Request.
  Time since last request: 0.000041 seconds.
  path: Assets/Imports/Pixel Art - Swords and Staffs/Pack 4/2px/22.png
  artifactKey: Guid(c76ea7e6dcbbb0447bd26595150c3498) Importer(815301076,1909f56bfc062723c751e8b465ee728b)
Start importing Assets/Imports/Pixel Art - Swords and Staffs/Pack 4/2px/22.png using Guid(c76ea7e6dcbbb0447bd26595150c3498) Importer(815301076,1909f56bfc062723c751e8b465ee728b)  -> (artifact id: '62c96bb15a1e1389e1790c2aa5f37e16') in 0.020411 seconds 
========================================================================
Received Import Request.
  Time since last request: 0.000043 seconds.
  path: Assets/Imports/Pixel Art - Swords and Staffs/Pack 1/1px/21.png
  artifactKey: Guid(614e8c6d457531f4a8fdc7c3921a437b) Importer(815301076,1909f56bfc062723c751e8b465ee728b)
Start importing Assets/Imports/Pixel Art - Swords and Staffs/Pack 1/1px/21.png using Guid(614e8c6d457531f4a8fdc7c3921a437b) Importer(815301076,1909f56bfc062723c751e8b465ee728b)  -> (artifact id: '1c258a31b77839b876b7746b7897dd18') in 0.019572 seconds 
========================================================================
Received Import Request.
  Time since last request: 0.000053 seconds.
  path: Packages/com.unity.2d.psdimporter/Editor/Assets/Icons/Selected/Layers Collapsed@4x.png
  artifactKey: Guid(88a01be2082444885aa54d39afb85dd8) Importer(815301076,1909f56bfc062723c751e8b465ee728b)
Start importing Packages/com.unity.2d.psdimporter/Editor/Assets/Icons/Selected/Layers Collapsed@4x.png using Guid(88a01be2082444885aa54d39afb85dd8) Importer(815301076,1909f56bfc062723c751e8b465ee728b)  -> (artifact id: '6729d748a2b5544b6bfaa4d00b0547a6') in 0.018110 seconds 
========================================================================
Received Import Request.
  Time since last request: 0.000031 seconds.
  path: Packages/com.unity.2d.psdimporter/Editor/Assets/Icons/Dark/Layers Collapsed@8x.png
  artifactKey: Guid(8649c1c76eb014a4d9e24547717f1619) Importer(815301076,1909f56bfc062723c751e8b465ee728b)
Start importing Packages/com.unity.2d.psdimporter/Editor/Assets/Icons/Dark/Layers Collapsed@8x.png using Guid(8649c1c76eb014a4d9e24547717f1619) Importer(815301076,1909f56bfc062723c751e8b465ee728b)  -> (artifact id: '4fcfce8f4e6bcf312e23f92d2f237b5c') in 0.022309 seconds 
========================================================================
Received Import Request.
  Time since last request: 0.000046 seconds.
  path: Assets/Imports/Pixel Art - Swords and Staffs/Pack 1/2px/29.png
  artifactKey: Guid(c77f7b378bb992649bc1c44a58705a32) Importer(815301076,1909f56bfc062723c751e8b465ee728b)
Start importing Assets/Imports/Pixel Art - Swords and Staffs/Pack 1/2px/29.png using Guid(c77f7b378bb992649bc1c44a58705a32) Importer(815301076,1909f56bfc062723c751e8b465ee728b)  -> (artifact id: 'd62fda1f5373a735b40689041fa45d4e') in 0.019992 seconds 
========================================================================
Received Import Request.
  Time since last request: 0.000036 seconds.
  path: Assets/Imports/Pixel Art - Swords and Staffs/Pack 3/2px/17.png
  artifactKey: Guid(a58d2bc23afb3b344a588a202141c866) Importer(815301076,1909f56bfc062723c751e8b465ee728b)
Start importing Assets/Imports/Pixel Art - Swords and Staffs/Pack 3/2px/17.png using Guid(a58d2bc23afb3b344a588a202141c866) Importer(815301076,1909f56bfc062723c751e8b465ee728b)  -> (artifact id: 'a687ad6e8dc6cf3284bf86ed87dc1dcf') in 0.020775 seconds 
========================================================================
Received Import Request.
  Time since last request: 0.000043 seconds.
  path: Packages/com.unity.collab-proxy/Editor/PlasticSCM/Assets/Images/d_iconemptygravatar.png
  artifactKey: Guid(9aebd705574f9e642aef1e5f59b3e4d8) Importer(815301076,1909f56bfc062723c751e8b465ee728b)
Start importing Packages/com.unity.collab-proxy/Editor/PlasticSCM/Assets/Images/d_iconemptygravatar.png using Guid(9aebd705574f9e642aef1e5f59b3e4d8) Importer(815301076,1909f56bfc062723c751e8b465ee728b)  -> (artifact id: '13c73f5ef383ea83a322511481da7e70') in 0.019208 seconds 
========================================================================
Received Import Request.
  Time since last request: 0.000044 seconds.
  path: Assets/Imports/Pixel Art - Swords and Staffs/Pack 4/2px/26.png
  artifactKey: Guid(6f65ccb27e0a9ad46b8a5480695689e5) Importer(815301076,1909f56bfc062723c751e8b465ee728b)
Start importing Assets/Imports/Pixel Art - Swords and Staffs/Pack 4/2px/26.png using Guid(6f65ccb27e0a9ad46b8a5480695689e5) Importer(815301076,1909f56bfc062723c751e8b465ee728b)  -> (artifact id: '0db81809aee166066e7dc532ef2149e3') in 0.018594 seconds 
========================================================================
Received Import Request.
  Time since last request: 0.000042 seconds.
  path: Assets/Imports/Pixel Art - Swords and Staffs/Pack 3/2px/04.png
  artifactKey: Guid(80cd1e1bdebf3544d85aa2acddab791f) Importer(815301076,1909f56bfc062723c751e8b465ee728b)
Start importing Assets/Imports/Pixel Art - Swords and Staffs/Pack 3/2px/04.png using Guid(80cd1e1bdebf3544d85aa2acddab791f) Importer(815301076,1909f56bfc062723c751e8b465ee728b)  -> (artifact id: '25e3fede118bf57cca7d3f157990681d') in 0.022200 seconds 
========================================================================
Received Import Request.
  Time since last request: 0.000036 seconds.
  path: Assets/Imports/Pixel Art - Swords and Staffs/Pack 3/2px/25.png
  artifactKey: Guid(f6647080a1ed2f94489ec11f61d16938) Importer(815301076,1909f56bfc062723c751e8b465ee728b)
Start importing Assets/Imports/Pixel Art - Swords and Staffs/Pack 3/2px/25.png using Guid(f6647080a1ed2f94489ec11f61d16938) Importer(815301076,1909f56bfc062723c751e8b465ee728b)  -> (artifact id: 'a6747199136d27011f558627af305ffe') in 0.019363 seconds 
========================================================================
Received Import Request.
  Time since last request: 0.000034 seconds.
  path: Assets/Imports/Pixel Art - Swords and Staffs/Pack 2/1px/26.png
  artifactKey: Guid(c5083240038e0424c83be4fdabbacc94) Importer(815301076,1909f56bfc062723c751e8b465ee728b)
Start importing Assets/Imports/Pixel Art - Swords and Staffs/Pack 2/1px/26.png using Guid(c5083240038e0424c83be4fdabbacc94) Importer(815301076,1909f56bfc062723c751e8b465ee728b)  -> (artifact id: '6d27d337840f7dc9a3698fa73790e394') in 0.020726 seconds 
========================================================================
Received Import Request.
  Time since last request: 0.000029 seconds.
  path: Assets/Imports/Pixel Art - Swords and Staffs/Pack 2/2px/17.png
  artifactKey: Guid(594813b2c834f3042905845b927ed543) Importer(815301076,1909f56bfc062723c751e8b465ee728b)
Start importing Assets/Imports/Pixel Art - Swords and Staffs/Pack 2/2px/17.png using Guid(594813b2c834f3042905845b927ed543) Importer(815301076,1909f56bfc062723c751e8b465ee728b)  -> (artifact id: 'ad921674110e7c4d7e5be28e6384951f') in 0.021781 seconds 
========================================================================
Received Import Request.
  Time since last request: 0.000050 seconds.
  path: Packages/com.unity.collab-proxy/Editor/PlasticSCM/Assets/Images/d_iconlockedlocaloverlay@2x.png
  artifactKey: Guid(ae53a7884da90e94eb5dfeab594b746c) Importer(815301076,1909f56bfc062723c751e8b465ee728b)
Start importing Packages/com.unity.collab-proxy/Editor/PlasticSCM/Assets/Images/d_iconlockedlocaloverlay@2x.png using Guid(ae53a7884da90e94eb5dfeab594b746c) Importer(815301076,1909f56bfc062723c751e8b465ee728b)  -> (artifact id: 'ed07f41142e241c0a648f60e04d6f251') in 0.019110 seconds 
========================================================================
Received Import Request.
  Time since last request: 0.000030 seconds.
  path: Assets/Imports/Pixel Art - Swords and Staffs/Pack 2/0px (sloppy)/29.png
  artifactKey: Guid(b291ccbbc8d097a4e98c75d9bf40dbde) Importer(815301076,1909f56bfc062723c751e8b465ee728b)
Start importing Assets/Imports/Pixel Art - Swords and Staffs/Pack 2/0px (sloppy)/29.png using Guid(b291ccbbc8d097a4e98c75d9bf40dbde) Importer(815301076,1909f56bfc062723c751e8b465ee728b)  -> (artifact id: '0c9b96114ab2b947c2e0eee2ef6e3a2f') in 0.019444 seconds 
========================================================================
Received Import Request.
  Time since last request: 0.000044 seconds.
  path: Assets/Imports/Pixel Art - Swords and Staffs/Pack 1/2px/06.png
  artifactKey: Guid(2777fb09a3110644f95ddcbbe19d1141) Importer(815301076,1909f56bfc062723c751e8b465ee728b)
Start importing Assets/Imports/Pixel Art - Swords and Staffs/Pack 1/2px/06.png using Guid(2777fb09a3110644f95ddcbbe19d1141) Importer(815301076,1909f56bfc062723c751e8b465ee728b)  -> (artifact id: '9b4c05a989a18f23f9746eb12e765abc') in 0.018917 seconds 
========================================================================
Received Import Request.
  Time since last request: 0.000033 seconds.
  path: Assets/Imports/Pixel Art - Swords and Staffs/Pack 1/1px/09.png
  artifactKey: Guid(fa7d11f363998e642a3c1ac8469f0d50) Importer(815301076,1909f56bfc062723c751e8b465ee728b)
Start importing Assets/Imports/Pixel Art - Swords and Staffs/Pack 1/1px/09.png using Guid(fa7d11f363998e642a3c1ac8469f0d50) Importer(815301076,1909f56bfc062723c751e8b465ee728b)  -> (artifact id: '7dd52a8efb0c5134c8c83e5d16d52ea2') in 0.019880 seconds 
========================================================================
Received Import Request.
  Time since last request: 0.000030 seconds.
  path: Assets/Imports/Pixel Art - Swords and Staffs/Pack 1/2px/27b.png
  artifactKey: Guid(cd6e1fd0c5cf225448ba4ef4fea57667) Importer(815301076,1909f56bfc062723c751e8b465ee728b)
Start importing Assets/Imports/Pixel Art - Swords and Staffs/Pack 1/2px/27b.png using Guid(cd6e1fd0c5cf225448ba4ef4fea57667) Importer(815301076,1909f56bfc062723c751e8b465ee728b)  -> (artifact id: '92b4d9ec972a0b7b4c638bc2824efc4d') in 0.018801 seconds 
========================================================================
Received Import Request.
  Time since last request: 0.000040 seconds.
  path: Assets/Imports/Pixel Art - Swords and Staffs/Pack 2/0px (sloppy)/06.png
  artifactKey: Guid(7b4c6c2ee743f734da92715ca71e64de) Importer(815301076,1909f56bfc062723c751e8b465ee728b)
Start importing Assets/Imports/Pixel Art - Swords and Staffs/Pack 2/0px (sloppy)/06.png using Guid(7b4c6c2ee743f734da92715ca71e64de) Importer(815301076,1909f56bfc062723c751e8b465ee728b)  -> (artifact id: '01b4806aea3fa8520a40af4ccd8cda2d') in 0.020069 seconds 
========================================================================
Received Import Request.
  Time since last request: 0.000042 seconds.
  path: Assets/Imports/Pixel Art - Swords and Staffs/Pack 1/0px/03.png
  artifactKey: Guid(28172a88fa46817468d6a2afab97dc13) Importer(815301076,1909f56bfc062723c751e8b465ee728b)
Start importing Assets/Imports/Pixel Art - Swords and Staffs/Pack 1/0px/03.png using Guid(28172a88fa46817468d6a2afab97dc13) Importer(815301076,1909f56bfc062723c751e8b465ee728b)  -> (artifact id: '45814cd1ceeb6b706ff8434644eb1112') in 0.021134 seconds 
========================================================================
Received Import Request.
  Time since last request: 0.000034 seconds.
  path: Packages/com.unity.2d.spriteshape/Editor/Handles/ss_rightrange.png
  artifactKey: Guid(ee5df01235032491c8b180741ea820fe) Importer(815301076,1909f56bfc062723c751e8b465ee728b)
Start importing Packages/com.unity.2d.spriteshape/Editor/Handles/ss_rightrange.png using Guid(ee5df01235032491c8b180741ea820fe) Importer(815301076,1909f56bfc062723c751e8b465ee728b)  -> (artifact id: '75fd7b65fb871563788a4cf11a678455') in 0.023513 seconds 
========================================================================
Received Import Request.
  Time since last request: 0.000039 seconds.
  path: Packages/com.unity.2d.animation/Editor/Assets/SkinningModule/Icons/Selected/Weight_Brush@2x.png
  artifactKey: Guid(bb668641abe10a64891e26613cf530ee) Importer(815301076,1909f56bfc062723c751e8b465ee728b)
Start importing Packages/com.unity.2d.animation/Editor/Assets/SkinningModule/Icons/Selected/Weight_Brush@2x.png using Guid(bb668641abe10a64891e26613cf530ee) Importer(815301076,1909f56bfc062723c751e8b465ee728b)  -> (artifact id: '32090232a46ba7b96002d4f23a208f98') in 0.017587 seconds 
========================================================================
Received Import Request.
  Time since last request: 0.000025 seconds.
  path: Packages/com.unity.collab-proxy/Editor/PlasticSCM/Assets/Images/d_iconoutofsync.png
  artifactKey: Guid(0e80bd0b4a8196f46acf73711b9505ec) Importer(815301076,1909f56bfc062723c751e8b465ee728b)
Start importing Packages/com.unity.collab-proxy/Editor/PlasticSCM/Assets/Images/d_iconoutofsync.png using Guid(0e80bd0b4a8196f46acf73711b9505ec) Importer(815301076,1909f56bfc062723c751e8b465ee728b)  -> (artifact id: 'a61b2ef7cec0f093d44e6df4af3a3269') in 0.018942 seconds 
========================================================================
Received Import Request.
  Time since last request: 0.000033 seconds.
  path: Assets/Imports/Pixel Monster Pack/32x32 monsters/ooze-red.png
  artifactKey: Guid(04562bc13a2407e40ae370dad404125b) Importer(815301076,1909f56bfc062723c751e8b465ee728b)
Start importing Assets/Imports/Pixel Monster Pack/32x32 monsters/ooze-red.png using Guid(04562bc13a2407e40ae370dad404125b) Importer(815301076,1909f56bfc062723c751e8b465ee728b)  -> (artifact id: '0156314a02623c40f07ba48c6651121b') in 0.018841 seconds 
========================================================================
Received Import Request.
  Time since last request: 0.000031 seconds.
  path: Assets/Imports/Pixel Art - Swords and Staffs/Pack 5/1px/02.png
  artifactKey: Guid(9f6ae868f446b534a84cbbad14f8312c) Importer(815301076,1909f56bfc062723c751e8b465ee728b)
Start importing Assets/Imports/Pixel Art - Swords and Staffs/Pack 5/1px/02.png using Guid(9f6ae868f446b534a84cbbad14f8312c) Importer(815301076,1909f56bfc062723c751e8b465ee728b)  -> (artifact id: 'c69b1327592c0aaac2ace5050cf6fdb1') in 0.018199 seconds 
========================================================================
Received Import Request.
  Time since last request: 0.000037 seconds.
  path: Assets/Imports/Pixel Art - Swords and Staffs/Pack 3/1px/13.png
  artifactKey: Guid(d6bd1ef984814d64bb67c0dad1f19ce9) Importer(815301076,1909f56bfc062723c751e8b465ee728b)
Start importing Assets/Imports/Pixel Art - Swords and Staffs/Pack 3/1px/13.png using Guid(d6bd1ef984814d64bb67c0dad1f19ce9) Importer(815301076,1909f56bfc062723c751e8b465ee728b)  -> (artifact id: '5fdbd21a1a079a331cbe3cb86f32a745') in 0.019322 seconds 
========================================================================
Received Import Request.
  Time since last request: 0.000047 seconds.
  path: Assets/Imports/Pixel Art - Swords and Staffs/Pack 4/2px/06.png
  artifactKey: Guid(8364458a6f753114fbe53f9ec74c0e4e) Importer(815301076,1909f56bfc062723c751e8b465ee728b)
Start importing Assets/Imports/Pixel Art - Swords and Staffs/Pack 4/2px/06.png using Guid(8364458a6f753114fbe53f9ec74c0e4e) Importer(815301076,1909f56bfc062723c751e8b465ee728b)  -> (artifact id: '5ce68c4aab352e80d627d56f818dfd69') in 0.018256 seconds 
========================================================================
Received Import Request.
  Time since last request: 0.000031 seconds.
  path: Assets/Imports/Pixel Art - Swords and Staffs/Pack 3/2px/12.png
  artifactKey: Guid(1917e96d46925584fa740f3f35bd6d56) Importer(815301076,1909f56bfc062723c751e8b465ee728b)
Start importing Assets/Imports/Pixel Art - Swords and Staffs/Pack 3/2px/12.png using Guid(1917e96d46925584fa740f3f35bd6d56) Importer(815301076,1909f56bfc062723c751e8b465ee728b)  -> (artifact id: '7b83df2ce93a4706bd18b531c1a66672') in 0.020030 seconds 
========================================================================
Received Import Request.
  Time since last request: 0.000035 seconds.
  path: Assets/Imports/Pixel Art - Swords and Staffs/Pack 2/1px/14.png
  artifactKey: Guid(bc7023619a3009e4282f7c86dc80393d) Importer(815301076,1909f56bfc062723c751e8b465ee728b)
Start importing Assets/Imports/Pixel Art - Swords and Staffs/Pack 2/1px/14.png using Guid(bc7023619a3009e4282f7c86dc80393d) Importer(815301076,1909f56bfc062723c751e8b465ee728b)  -> (artifact id: '451fbb737169ca3c56ed2c914a8672d1') in 0.019027 seconds 
========================================================================
Received Import Request.
  Time since last request: 0.000038 seconds.
  path: Packages/com.unity.2d.spriteshape/Editor/Handles/ss_leftrange.png
  artifactKey: Guid(9417efc47083f4a1598c1966a6345cdb) Importer(815301076,1909f56bfc062723c751e8b465ee728b)
Start importing Packages/com.unity.2d.spriteshape/Editor/Handles/ss_leftrange.png using Guid(9417efc47083f4a1598c1966a6345cdb) Importer(815301076,1909f56bfc062723c751e8b465ee728b)  -> (artifact id: '6609eebe8c2070d413fb76a17f07f27d') in 0.023616 seconds 
========================================================================
Received Import Request.
  Time since last request: 0.000028 seconds.
  path: Assets/Imports/Pixel Art - Swords and Staffs/Pack 4/2px/08.png
  artifactKey: Guid(a2fc4b1c2a863514eb4aa54eca5f3277) Importer(815301076,1909f56bfc062723c751e8b465ee728b)
Start importing Assets/Imports/Pixel Art - Swords and Staffs/Pack 4/2px/08.png using Guid(a2fc4b1c2a863514eb4aa54eca5f3277) Importer(815301076,1909f56bfc062723c751e8b465ee728b)  -> (artifact id: 'b09c3291af32ccf2a8928a24459236fe') in 0.018672 seconds 
========================================================================
Received Import Request.
  Time since last request: 0.000039 seconds.
  path: Assets/Imports/Pixel Art - Swords and Staffs/Pack 1/1px/27a.png
  artifactKey: Guid(8a36999a5897d8c479c0dc8cfc3bd7bc) Importer(815301076,1909f56bfc062723c751e8b465ee728b)
Start importing Assets/Imports/Pixel Art - Swords and Staffs/Pack 1/1px/27a.png using Guid(8a36999a5897d8c479c0dc8cfc3bd7bc) Importer(815301076,1909f56bfc062723c751e8b465ee728b)  -> (artifact id: '770fad8fb050bda4f7bfb1f07cd2adad') in 0.022861 seconds 
========================================================================
Received Import Request.
  Time since last request: 0.000049 seconds.
  path: Assets/Imports/Pixel Art - Swords and Staffs/Pack 4/1px/20.png
  artifactKey: Guid(84394ff6332cc7e41afc85cfd33b6091) Importer(815301076,1909f56bfc062723c751e8b465ee728b)
Start importing Assets/Imports/Pixel Art - Swords and Staffs/Pack 4/1px/20.png using Guid(84394ff6332cc7e41afc85cfd33b6091) Importer(815301076,1909f56bfc062723c751e8b465ee728b)  -> (artifact id: '7c3c1640a96440c8ba7fca56d0e0a50a') in 0.022986 seconds 
========================================================================
Received Import Request.
  Time since last request: 0.000039 seconds.
  path: Assets/Imports/Pixel Art - Swords and Staffs/Pack 4/1px/25.png
  artifactKey: Guid(3dff304d6755df74784744e5a2dd60c1) Importer(815301076,1909f56bfc062723c751e8b465ee728b)
Start importing Assets/Imports/Pixel Art - Swords and Staffs/Pack 4/1px/25.png using Guid(3dff304d6755df74784744e5a2dd60c1) Importer(815301076,1909f56bfc062723c751e8b465ee728b)  -> (artifact id: '4d7f5073dd501342a7711df5db487262') in 0.022257 seconds 
========================================================================
Received Import Request.
  Time since last request: 0.000047 seconds.
  path: Assets/Imports/Pixel Art - Swords and Staffs/Pack 1/1px/04.png
  artifactKey: Guid(5b809dc7fda992148b2b1751f0772d01) Importer(815301076,1909f56bfc062723c751e8b465ee728b)
Start importing Assets/Imports/Pixel Art - Swords and Staffs/Pack 1/1px/04.png using Guid(5b809dc7fda992148b2b1751f0772d01) Importer(815301076,1909f56bfc062723c751e8b465ee728b)  -> (artifact id: '7a842139bd401ee322db0c99dd9c81e4') in 0.027476 seconds 
========================================================================
Received Import Request.
  Time since last request: 0.000033 seconds.
  path: Assets/Imports/Pixel Monster Pack/64x64 monsters/ooze-green.png
  artifactKey: Guid(d280dad0830093142b2013dcfee178a7) Importer(815301076,1909f56bfc062723c751e8b465ee728b)
Start importing Assets/Imports/Pixel Monster Pack/64x64 monsters/ooze-green.png using Guid(d280dad0830093142b2013dcfee178a7) Importer(815301076,1909f56bfc062723c751e8b465ee728b)  -> (artifact id: 'f1a3b1b46e284314eceee184d43130db') in 0.022395 seconds 
========================================================================
Received Import Request.
  Time since last request: 0.000032 seconds.
  path: Assets/Imports/Pixel Art - Swords and Staffs/Pack 5/1px/17.png
  artifactKey: Guid(3d26177e52fe68040afe717f1036cd3a) Importer(815301076,1909f56bfc062723c751e8b465ee728b)
Start importing Assets/Imports/Pixel Art - Swords and Staffs/Pack 5/1px/17.png using Guid(3d26177e52fe68040afe717f1036cd3a) Importer(815301076,1909f56bfc062723c751e8b465ee728b)  -> (artifact id: 'd160c1510a1cba4704417812e0830750') in 0.023130 seconds 
========================================================================
Received Import Request.
  Time since last request: 0.000027 seconds.
  path: Packages/com.unity.2d.psdimporter/Editor/Assets/Icons/Dark/Layers Collapsed@4x.png
  artifactKey: Guid(ea5547bcdee4e4a8cb4705499aabe76d) Importer(815301076,1909f56bfc062723c751e8b465ee728b)
Start importing Packages/com.unity.2d.psdimporter/Editor/Assets/Icons/Dark/Layers Collapsed@4x.png using Guid(ea5547bcdee4e4a8cb4705499aabe76d) Importer(815301076,1909f56bfc062723c751e8b465ee728b)  -> (artifact id: '49377bac54822fb702f0101348b11207') in 0.024178 seconds 
========================================================================
Received Import Request.
  Time since last request: 0.000033 seconds.
  path: Assets/Imports/Pixel Art - Swords and Staffs/Pack 5/2px/14.png
  artifactKey: Guid(71c73b1eac076d84ba7f507b7b1afe73) Importer(815301076,1909f56bfc062723c751e8b465ee728b)
Start importing Assets/Imports/Pixel Art - Swords and Staffs/Pack 5/2px/14.png using Guid(71c73b1eac076d84ba7f507b7b1afe73) Importer(815301076,1909f56bfc062723c751e8b465ee728b)  -> (artifact id: 'd375975d218cbcf0c5c0cfb51d7cd460') in 0.021056 seconds 
========================================================================
Received Import Request.
  Time since last request: 0.000035 seconds.
  path: Assets/Imports/Pixel Art - Swords and Staffs/Pack 5/2px/20.png
  artifactKey: Guid(46562d5c157b79a4a8a2dcefbcede7e7) Importer(815301076,1909f56bfc062723c751e8b465ee728b)
Start importing Assets/Imports/Pixel Art - Swords and Staffs/Pack 5/2px/20.png using Guid(46562d5c157b79a4a8a2dcefbcede7e7) Importer(815301076,1909f56bfc062723c751e8b465ee728b)  -> (artifact id: '0cf8fa5efa9f1b26e10760ed530847d8') in 0.020593 seconds 
========================================================================
Received Import Request.
  Time since last request: 0.000057 seconds.
  path: Packages/com.unity.collab-proxy/Editor/PlasticSCM/Assets/Images/d_iconoutofsyncoverlay.png
  artifactKey: Guid(dc633de6e6e7415448c7568418239a9d) Importer(815301076,1909f56bfc062723c751e8b465ee728b)
Start importing Packages/com.unity.collab-proxy/Editor/PlasticSCM/Assets/Images/d_iconoutofsyncoverlay.png using Guid(dc633de6e6e7415448c7568418239a9d) Importer(815301076,1909f56bfc062723c751e8b465ee728b)  -> (artifact id: '32e9a7359a666341606946c1d9e54c55') in 0.018104 seconds 
========================================================================
Received Import Request.
  Time since last request: 0.000029 seconds.
  path: Assets/Imports/Pixel Art - Swords and Staffs/Pack 2/1px/17.png
  artifactKey: Guid(68479ee89c80f0e48966c9662240ebff) Importer(815301076,1909f56bfc062723c751e8b465ee728b)
Start importing Assets/Imports/Pixel Art - Swords and Staffs/Pack 2/1px/17.png using Guid(68479ee89c80f0e48966c9662240ebff) Importer(815301076,1909f56bfc062723c751e8b465ee728b)  -> (artifact id: 'a17a4c4c3b6bd4c859a6d06f73a7904f') in 0.022367 seconds 
========================================================================
Received Import Request.
  Time since last request: 0.000029 seconds.
  path: Packages/com.unity.collab-proxy/Editor/PlasticSCM/Assets/Images/d_iconlockedlocaloverlay.png
  artifactKey: Guid(71c45f80bffdb9145ad2c456254c862e) Importer(815301076,1909f56bfc062723c751e8b465ee728b)
Start importing Packages/com.unity.collab-proxy/Editor/PlasticSCM/Assets/Images/d_iconlockedlocaloverlay.png using Guid(71c45f80bffdb9145ad2c456254c862e) Importer(815301076,1909f56bfc062723c751e8b465ee728b)  -> (artifact id: '8d7eaaec13f2efbeb4563c89f743133e') in 0.018745 seconds 
========================================================================
Received Import Request.
  Time since last request: 0.000029 seconds.
  path: Assets/Imports/Pixel Art - Swords and Staffs/Pack 1/0px/09.png
  artifactKey: Guid(5ce939fd374e3da4c950ded38fd98bd3) Importer(815301076,1909f56bfc062723c751e8b465ee728b)
Start importing Assets/Imports/Pixel Art - Swords and Staffs/Pack 1/0px/09.png using Guid(5ce939fd374e3da4c950ded38fd98bd3) Importer(815301076,1909f56bfc062723c751e8b465ee728b)  -> (artifact id: 'd8d12078226db9f0a6625bffa5ffc195') in 0.020514 seconds 
========================================================================
Received Import Request.
  Time since last request: 0.000045 seconds.
  path: Assets/Imports/Pixel Art - Swords and Staffs/Pack 1/2px/11.png
  artifactKey: Guid(10e67908fb0e1124c90403158f3b90fc) Importer(815301076,1909f56bfc062723c751e8b465ee728b)
Start importing Assets/Imports/Pixel Art - Swords and Staffs/Pack 1/2px/11.png using Guid(10e67908fb0e1124c90403158f3b90fc) Importer(815301076,1909f56bfc062723c751e8b465ee728b)  -> (artifact id: '71bde159f1818a463f4bd49700ea9640') in 0.019569 seconds 
========================================================================
Received Import Request.
  Time since last request: 0.000034 seconds.
  path: Assets/Imports/Pixel Art - Swords and Staffs/Pack 5/2px/21.png
  artifactKey: Guid(16fdeea9537f0a740b7a88897022643e) Importer(815301076,1909f56bfc062723c751e8b465ee728b)
Start importing Assets/Imports/Pixel Art - Swords and Staffs/Pack 5/2px/21.png using Guid(16fdeea9537f0a740b7a88897022643e) Importer(815301076,1909f56bfc062723c751e8b465ee728b)  -> (artifact id: 'c28aa15dcc1c413fe26b11ee55e98500') in 0.020789 seconds 
========================================================================
Received Import Request.
  Time since last request: 0.000034 seconds.
  path: Assets/Imports/Pixel Art - Swords and Staffs/Pack 3/1px/26.png
  artifactKey: Guid(618d4d28de78f8847a42136217de4ca7) Importer(815301076,1909f56bfc062723c751e8b465ee728b)
Start importing Assets/Imports/Pixel Art - Swords and Staffs/Pack 3/1px/26.png using Guid(618d4d28de78f8847a42136217de4ca7) Importer(815301076,1909f56bfc062723c751e8b465ee728b)  -> (artifact id: 'fba297fb81b5a959e636b4152c5b0107') in 0.019604 seconds 
========================================================================
Received Import Request.
  Time since last request: 0.000064 seconds.
  path: Assets/Imports/Pixel Art - Swords and Staffs/Pack 1/2px/25.png
  artifactKey: Guid(50e526dfdfdf66243a92c3c0c7a82e08) Importer(815301076,1909f56bfc062723c751e8b465ee728b)
Start importing Assets/Imports/Pixel Art - Swords and Staffs/Pack 1/2px/25.png using Guid(50e526dfdfdf66243a92c3c0c7a82e08) Importer(815301076,1909f56bfc062723c751e8b465ee728b)  -> (artifact id: '9d85e7e0a8e42fcd3d769c5d16e81655') in 0.020251 seconds 
========================================================================
Received Import Request.
  Time since last request: 0.000032 seconds.
  path: Assets/Imports/Pixel Art - Swords and Staffs/Pack 3/2px/34.png
  artifactKey: Guid(e48a9e5646f4b47409249e6d0f332c66) Importer(815301076,1909f56bfc062723c751e8b465ee728b)
Start importing Assets/Imports/Pixel Art - Swords and Staffs/Pack 3/2px/34.png using Guid(e48a9e5646f4b47409249e6d0f332c66) Importer(815301076,1909f56bfc062723c751e8b465ee728b)  -> (artifact id: 'ea6f0a9a611f7cdd7fce41dfd7493e69') in 0.021656 seconds 
========================================================================
Received Import Request.
  Time since last request: 0.000042 seconds.
  path: Assets/Imports/Pixel Art - Swords and Staffs/Pack 2/2px/19.png
  artifactKey: Guid(6abee59445a4f9e408710dbb63127f24) Importer(815301076,1909f56bfc062723c751e8b465ee728b)
Start importing Assets/Imports/Pixel Art - Swords and Staffs/Pack 2/2px/19.png using Guid(6abee59445a4f9e408710dbb63127f24) Importer(815301076,1909f56bfc062723c751e8b465ee728b)  -> (artifact id: '9dc8523ea7a049d927033122e6355f54') in 0.019889 seconds 
========================================================================
Received Import Request.
  Time since last request: 0.000038 seconds.
  path: Assets/Imports/Pixel Art - Swords and Staffs/Pack 5/2px/02.png
  artifactKey: Guid(5e0798397b98a15439752e6a692ac4db) Importer(815301076,1909f56bfc062723c751e8b465ee728b)
Start importing Assets/Imports/Pixel Art - Swords and Staffs/Pack 5/2px/02.png using Guid(5e0798397b98a15439752e6a692ac4db) Importer(815301076,1909f56bfc062723c751e8b465ee728b)  -> (artifact id: '67f305962aa4d4a7dd216b76a7c2c8ff') in 0.018269 seconds 
========================================================================
Received Import Request.
  Time since last request: 0.000065 seconds.
  path: Packages/com.unity.collab-proxy/Editor/PlasticSCM/Assets/Images/d_iconlockedremoteoverlay@2x.png
  artifactKey: Guid(2bb4e96f5d0b02c468932d665a015c54) Importer(815301076,1909f56bfc062723c751e8b465ee728b)
Start importing Packages/com.unity.collab-proxy/Editor/PlasticSCM/Assets/Images/d_iconlockedremoteoverlay@2x.png using Guid(2bb4e96f5d0b02c468932d665a015c54) Importer(815301076,1909f56bfc062723c751e8b465ee728b)  -> (artifact id: '5bde95271e50e7e336a27a41acc3d1b4') in 0.020750 seconds 
========================================================================
Received Import Request.
  Time since last request: 0.000034 seconds.
  path: Assets/Imports/Pixel Art - Swords and Staffs/Pack 3/1px/14.png
  artifactKey: Guid(8f399050302522546852b144e23c95fb) Importer(815301076,1909f56bfc062723c751e8b465ee728b)
Start importing Assets/Imports/Pixel Art - Swords and Staffs/Pack 3/1px/14.png using Guid(8f399050302522546852b144e23c95fb) Importer(815301076,1909f56bfc062723c751e8b465ee728b)  -> (artifact id: 'b318fa0340e0ce3b221e6f6aa6132eb8') in 0.021703 seconds 
========================================================================
Received Import Request.
  Time since last request: 0.000045 seconds.
  path: Packages/com.unity.2d.psdimporter/Editor/Assets/Icons/Light/Layers Collapsed@2x.png
  artifactKey: Guid(dc4d4d6503a044f85bf2b8b356dfb738) Importer(815301076,1909f56bfc062723c751e8b465ee728b)
Start importing Packages/com.unity.2d.psdimporter/Editor/Assets/Icons/Light/Layers Collapsed@2x.png using Guid(dc4d4d6503a044f85bf2b8b356dfb738) Importer(815301076,1909f56bfc062723c751e8b465ee728b)  -> (artifact id: '73a743b72304dc6726380e13844fd992') in 0.020372 seconds 
========================================================================
Received Import Request.
  Time since last request: 0.000033 seconds.
  path: Assets/Imports/Pixel Art - Swords and Staffs/Pack 3/2px/21.png
  artifactKey: Guid(3efa7342fe969de4bbd9b105f7a42825) Importer(815301076,1909f56bfc062723c751e8b465ee728b)
Start importing Assets/Imports/Pixel Art - Swords and Staffs/Pack 3/2px/21.png using Guid(3efa7342fe969de4bbd9b105f7a42825) Importer(815301076,1909f56bfc062723c751e8b465ee728b)  -> (artifact id: '391c3475e9c3cc71c465e6bafc11c2a2') in 0.018264 seconds 
========================================================================
Received Import Request.
  Time since last request: 0.000056 seconds.
  path: Assets/Imports/Pixel Art - Swords and Staffs/Pack Num Text/Pack 2.png
  artifactKey: Guid(9e1eae15361dbc74c9aa898da7dc8b58) Importer(815301076,1909f56bfc062723c751e8b465ee728b)
Start importing Assets/Imports/Pixel Art - Swords and Staffs/Pack Num Text/Pack 2.png using Guid(9e1eae15361dbc74c9aa898da7dc8b58) Importer(815301076,1909f56bfc062723c751e8b465ee728b)  -> (artifact id: '9b0bc4cfd41b2e576d97ab1e40d4ff8b') in 0.018670 seconds 
Editor requested this worker to shutdown with reason: Scaling down because of idle timeout
AssetImportWorker is now disconnected from the server
Process exiting
Exiting without the bug reporter. Application will terminate with return code 0